<?xml version="1.0" encoding="UTF-8"?>
<!-- Generated by org.testng.reporters.JUnitXMLReporter -->
<testsuite ignored="0" hostname="DESKTOP-9LDSGNB" failures="0" tests="2" name="Default test" time="0.117" errors="0" timestamp="2020-04-23T22:09:04 EDT">
  <testcase classname="execution.Base" name="@BeforeClass Startup" time="-1.587694144845E9">
    <failure type="org.testng.TestNGException" message="
Parameter &amp;apos;browser&amp;apos; is required by BeforeClass on method Startup but has not been marked @Optional or defined
in C:\Users\emal_\AppData\Local\Temp\testng-eclipse-1293928121\testng-customsuite.xml">
      <![CDATA[org.testng.TestNGException: 
Parameter 'browser' is required by BeforeClass on method Startup but has not been marked @Optional or defined
in C:\Users\emal_\AppData\Local\Temp\testng-eclipse-1293928121\testng-customsuite.xml
at org.testng.internal.Parameters.createParams(Parameters.java:272)
at org.testng.internal.Parameters.createParametersForMethod(Parameters.java:360)
at org.testng.internal.Parameters.createParameters(Parameters.java:704)
at org.testng.internal.Parameters.createConfigurationParameters(Parameters.java:166)
at org.testng.internal.ConfigInvoker.invokeConfigurations(ConfigInvoker.java:283)
at org.testng.internal.TestMethodWorker.invokeBeforeClassMethods(TestMethodWorker.java:176)
at org.testng.internal.TestMethodWorker.run(TestMethodWorker.java:122)
at java.base/java.util.ArrayList.forEach(ArrayList.java:1507)
at org.testng.TestRunner.privateRun(TestRunner.java:766)
at org.testng.TestRunner.run(TestRunner.java:587)
at org.testng.SuiteRunner.runTest(SuiteRunner.java:384)
at org.testng.SuiteRunner.runSequentially(SuiteRunner.java:378)
at org.testng.SuiteRunner.privateRun(SuiteRunner.java:337)
at org.testng.SuiteRunner.run(SuiteRunner.java:286)
at org.testng.SuiteRunnerWorker.runSuite(SuiteRunnerWorker.java:53)
at org.testng.SuiteRunnerWorker.run(SuiteRunnerWorker.java:96)
at org.testng.TestNG.runSuitesSequentially(TestNG.java:1187)
at org.testng.TestNG.runSuitesLocally(TestNG.java:1109)
at org.testng.TestNG.runSuites(TestNG.java:1039)
at org.testng.TestNG.run(TestNG.java:1007)
at org.testng.remote.AbstractRemoteTestNG.run(AbstractRemoteTestNG.java:115)
at org.testng.remote.RemoteTestNG.initAndRun(RemoteTestNG.java:251)
at org.testng.remote.RemoteTestNG.main(RemoteTestNG.java:77)
]]>
    </failure>
  </testcase> <!-- @BeforeClass Startup -->
  <testcase classname="execution.Base" name="@AfterClass afterclass" time="-1.587694144934E9">
    <skipped/>
  </testcase> <!-- @AfterClass afterclass -->
  <testcase classname="execution.CustomerTest" name="withFirstSetOfData" time="0.0">
    <skipped/>
  </testcase> <!-- withFirstSetOfData -->
  <testcase classname="execution.CustomerTest" name="withSecondSetOfData" time="0.0">
    <skipped/>
  </testcase> <!-- withSecondSetOfData -->
</testsuite> <!-- Default test -->
