<?xml version="1.0" encoding="UTF-8"?>
<!-- Generated by org.testng.reporters.JUnitXMLReporter -->
<testsuite hostname="LAPTOP-KO317EUS" ignored="1" name="Test" tests="2" failures="0" timestamp="2020-04-23T22:56:00 PDT" time="33.032" errors="0">
  <testcase name="shipments" time="2.962" classname="execution.ShipmentTest"/>
  <testcase name="shipmentsearch" time="7.346" classname="execution.ShipmentTest"/>
  <testcase name="view" time="0.0" classname="execution.ShipmentTest">
    <ignored/>
  </testcase> <!-- view -->
</testsuite> <!-- Test -->
