<?xml version="1.0" encoding="UTF-8"?>
<testng-results skipped="0" failed="0" ignored="0" total="1" passed="1">
  <reporter-output>
  </reporter-output>
  <suite name="Suite" duration-ms="13529" started-at="2020-04-22T10:25:57 PDT" finished-at="2020-04-22T10:26:11 PDT">
    <groups>
    </groups>
    <test name="Test" duration-ms="13529" started-at="2020-04-22T10:25:57 PDT" finished-at="2020-04-22T10:26:11 PDT">
      <class name="execution.Base">
        <test-method status="PASS" signature="Startup(java.lang.String)[pri:0, instance:execution.Base@3224f60b]" name="Startup" duration-ms="13493" started-at="2020-04-22T10:25:57 PDT" finished-at="2020-04-22T10:26:11 PDT">
          <params>
            <param index="0">
              <value>
                <![CDATA[chrome]]>
              </value>
            </param>
          </params>
          <reporter-output>
          </reporter-output>
        </test-method> <!-- Startup -->
      </class> <!-- execution.Base -->
    </test> <!-- Test -->
  </suite> <!-- Suite -->
</testng-results>
